[debug] [2018-01-06T22:42:46.879Z] ----------------------------------------------------------------------
[debug] [2018-01-06T22:42:46.881Z] Command:       /usr/local/Cellar/node/8.5.0/bin/node /usr/local/bin/firebase deploy
[debug] [2018-01-06T22:42:46.881Z] CLI Version:   3.13.1
[debug] [2018-01-06T22:42:46.881Z] Platform:      darwin
[debug] [2018-01-06T22:42:46.881Z] Node Version:  v8.5.0
[debug] [2018-01-06T22:42:46.882Z] Time:          Sat Jan 06 2018 22:42:46 GMT+0000 (GMT)
[debug] [2018-01-06T22:42:46.882Z] ----------------------------------------------------------------------
[debug] 
[debug] [2018-01-06T22:42:46.892Z] > command requires scopes: ["email","openid","https://www.googleapis.com/auth/cloudplatformprojects.readonly","https://www.googleapis.com/auth/firebase","https://www.googleapis.com/auth/cloud-platform"]
[debug] [2018-01-06T22:42:46.892Z] > authorizing via signed-in user
[debug] [2018-01-06T22:42:46.894Z] >>> HTTP REQUEST GET https://admin.firebase.com/v1/projects/astute-asset-112320  
 Sat Jan 06 2018 22:42:46 GMT+0000 (GMT)
[debug] [2018-01-06T22:42:47.691Z] <<< HTTP RESPONSE 200
[debug] [2018-01-06T22:42:47.692Z] >>> HTTP REQUEST GET https://admin.firebase.com/v1/database/astute-asset-112320/tokens  
 Sat Jan 06 2018 22:42:47 GMT+0000 (GMT)
[debug] [2018-01-06T22:42:48.265Z] <<< HTTP RESPONSE 200
[info] 1
[info] 
[info] === Deploying to 'astute-asset-112320'...
[info] 
[info] i  deploying hosting
[info] i  hosting: preparing ./ directory for upload...
[debug] [2018-01-06T22:42:53.333Z] >>> HTTP REQUEST PUT https://deploy.firebase.com/v1/hosting/astute-asset-112320/uploads/-L2Cd-r80qjydp01NPrp?fileCount=590&message=  
 Sat Jan 06 2018 22:42:53 GMT+0000 (GMT)
